<?xml version="1.0" encoding="UTF-8"?>
<robot generated="20180925 13:28:39.440" generator="Robot 3.0.3 (Python 2.7.10 on darwin)">
<suite id="s1" name="Angular &amp; Rdserver">
<suite source="/Users/macpro/project/robot_train_01/group3/angular.robot" id="s1-s1" name="Angular">
<test id="s1-s1-t1" name="try upload angular">
<kw name="Open upload web">
<kw name="Open Browser" library="SeleniumLibrary">
<doc>Opens a new browser instance to the given ``url``.</doc>
<arguments>
<arg>http://nervgh.github.io/pages/angular-file-upload/examples/simple/</arg>
<arg>chrome</arg>
</arguments>
<msg timestamp="20180925 13:28:39.615" level="INFO">Opening browser 'chrome' to base url 'http://nervgh.github.io/pages/angular-file-upload/examples/simple/'.</msg>
<status status="PASS" endtime="20180925 13:28:43.426" starttime="20180925 13:28:39.614"></status>
</kw>
<status status="PASS" endtime="20180925 13:28:43.427" starttime="20180925 13:28:39.614"></status>
</kw>
<kw name="Select single">
<arguments>
<arg>index01.png</arg>
</arguments>
<kw name="Choose File" library="SeleniumLibrary">
<doc>Inputs the ``file_path`` into file input field ``locator``.</doc>
<arguments>
<arg>xpath://*[@id="ng-app"]/body/div/div[2]/div[1]/input[2]</arg>
<arg>/Users/macpro/project/robot_train_01/group3/${file}</arg>
</arguments>
<kw name="Capture Page Screenshot" library="SeleniumLibrary">
<doc>Takes screenshot of the current page and embeds it into log file.</doc>
<msg timestamp="20180925 13:28:44.017" html="yes" level="INFO">&lt;/td&gt;&lt;/tr&gt;&lt;tr&gt;&lt;td colspan="3"&gt;&lt;a href="selenium-screenshot-1.png"&gt;&lt;img src="selenium-screenshot-1.png" width="800px"&gt;&lt;/a&gt;</msg>
<status status="PASS" endtime="20180925 13:28:44.017" starttime="20180925 13:28:43.428"></status>
</kw>
<msg timestamp="20180925 13:28:44.019" level="FAIL">ValueError: File '/Users/macpro/project/robot_train_01/group3/index01.png' does not exist on the local file system.</msg>
<status status="FAIL" endtime="20180925 13:28:44.019" starttime="20180925 13:28:43.428"></status>
</kw>
<status status="FAIL" endtime="20180925 13:28:44.020" starttime="20180925 13:28:43.427"></status>
</kw>
<status status="FAIL" endtime="20180925 13:28:44.020" critical="yes" starttime="20180925 13:28:39.613">ValueError: File '/Users/macpro/project/robot_train_01/group3/index01.png' does not exist on the local file system.</status>
</test>
<status status="FAIL" endtime="20180925 13:28:44.021" starttime="20180925 13:28:39.462"></status>
</suite>
<suite source="/Users/macpro/project/robot_train_01/group3/rdserver.robot" id="s1-s2" name="Rdserver">
<test id="s1-s2-t1" name="ยื่นแบบ Online ไม่ได้">
<kw name="Open tax online page">
<kw name="Open Browser" library="SeleniumLibrary">
<doc>Opens a new browser instance to the given ``url``.</doc>
<arguments>
<arg>https://rdserver.rd.go.th/publish/index.php?page=taxonline</arg>
<arg>chrome</arg>
</arguments>
<msg timestamp="20180925 13:28:44.028" level="INFO">Opening browser 'chrome' to base url 'https://rdserver.rd.go.th/publish/index.php?page=taxonline'.</msg>
<status status="PASS" endtime="20180925 13:28:47.665" starttime="20180925 13:28:44.028"></status>
</kw>
<status status="PASS" endtime="20180925 13:28:47.666" starttime="20180925 13:28:44.027"></status>
</kw>
<kw name="Open manual of compatability view Settings">
<kw name="Select Frame" library="SeleniumLibrary">
<doc>Sets frame identified by ``locator`` as the current frame.</doc>
<arguments>
<arg>xpath://*[@id="lightboxdialog"]/p/iframe</arg>
</arguments>
<msg timestamp="20180925 13:28:47.668" level="INFO">Selecting frame 'xpath://*[@id="lightboxdialog"]/p/iframe'.</msg>
<kw name="Capture Page Screenshot" library="SeleniumLibrary">
<doc>Takes screenshot of the current page and embeds it into log file.</doc>
<msg timestamp="20180925 13:28:48.256" html="yes" level="INFO">&lt;/td&gt;&lt;/tr&gt;&lt;tr&gt;&lt;td colspan="3"&gt;&lt;a href="selenium-screenshot-2.png"&gt;&lt;img src="selenium-screenshot-2.png" width="800px"&gt;&lt;/a&gt;</msg>
<status status="PASS" endtime="20180925 13:28:48.256" starttime="20180925 13:28:47.715"></status>
</kw>
<msg timestamp="20180925 13:28:48.259" level="FAIL">WebDriverException: Message: unknown error: call function result missing 'value'
  (Session info: chrome=69.0.3497.100)
  (Driver info: chromedriver=2.34.522932 (4140ab217e1ca1bec0c4b4d1b148f3361eb3a03e),platform=Mac OS X 10.13.4 x86_64)
</msg>
<status status="FAIL" endtime="20180925 13:28:48.259" starttime="20180925 13:28:47.667"></status>
</kw>
<status status="FAIL" endtime="20180925 13:28:48.259" starttime="20180925 13:28:47.667"></status>
</kw>
<tags>
<tag>dev</tag>
</tags>
<status status="FAIL" endtime="20180925 13:28:48.260" critical="yes" starttime="20180925 13:28:44.025">WebDriverException: Message: unknown error: call function result missing 'value'
  (Session info: chrome=69.0.3497.100)
  (Driver info: chromedriver=2.34.522932 (4140ab217e1ca1bec0c4b4d1b148f3361eb3a03e),platform=Mac OS X 10.13.4 x86_64)
</status>
</test>
<status status="FAIL" endtime="20180925 13:28:48.260" starttime="20180925 13:28:44.022"></status>
</suite>
<status status="FAIL" endtime="20180925 13:28:48.262" starttime="20180925 13:28:39.442"></status>
</suite>
<statistics>
<total>
<stat fail="2" pass="0">Critical Tests</stat>
<stat fail="2" pass="0">All Tests</stat>
</total>
<tag>
<stat fail="1" pass="0">dev</stat>
</tag>
<suite>
<stat fail="2" id="s1" name="Angular &amp; Rdserver" pass="0">Angular &amp; Rdserver</stat>
<stat fail="1" id="s1-s1" name="Angular" pass="0">Angular &amp; Rdserver.Angular</stat>
<stat fail="1" id="s1-s2" name="Rdserver" pass="0">Angular &amp; Rdserver.Rdserver</stat>
</suite>
</statistics>
<errors>
</errors>
</robot>
